<?xml version="1.0" encoding="UTF-8"?>
<testsuite xmlns:xsi="http://www.w3.org/2001/XMLSchema-instance" xsi:noNamespaceSchemaLocation="https://maven.apache.org/surefire/maven-surefire-plugin/xsd/surefire-test-report-3.0.xsd" version="3.0" name="TestSuite" time="407.709" tests="11" errors="0" skipped="0" failures="1">
  <properties>
[...]
</properties>
  <testcase name="login" classname="mavenFirstproject1.Logintest" time="76.103">
    <system-err><![CDATA[Starting ChromeDriver 90.0.4430.24 (4c6d850f087da467d926e8eddb76550aed655991-refs/branch-heads/4430@{#429}) on port 18019
Only local connections are allowed.
Please see https://chromedriver.chromium.org/security-considerations for suggestions on keeping ChromeDriver safe.
ChromeDriver was started successfully.
May 03, 2021 11:38:27 AM org.openqa.selenium.remote.ProtocolHandshake createSession
INFO: Detected dialect: W3C
]]></system-err>
  </testcase>
  <testcase name="login" classname="mavenFirstproject1.Logintest3" time="24.339">
    <system-err><![CDATA[Starting ChromeDriver 90.0.4430.24 (4c6d850f087da467d926e8eddb76550aed655991-refs/branch-heads/4430@{#429}) on port 22250
Only local connections are allowed.
Please see https://chromedriver.chromium.org/security-considerations for suggestions on keeping ChromeDriver safe.
ChromeDriver was started successfully.
May 03, 2021 11:39:22 AM org.openqa.selenium.remote.ProtocolHandshake createSession
INFO: Detected dialect: W3C
]]></system-err>
  </testcase>
  <testcase name="login1" classname="mavenFirstproject1.Logintest2" time="10.508">
    <system-err><![CDATA[Starting ChromeDriver 90.0.4430.24 (4c6d850f087da467d926e8eddb76550aed655991-refs/branch-heads/4430@{#429}) on port 42783
Only local connections are allowed.
Please see https://chromedriver.chromium.org/security-considerations for suggestions on keeping ChromeDriver safe.
ChromeDriver was started successfully.
May 03, 2021 11:39:47 AM org.openqa.selenium.remote.ProtocolHandshake createSession
INFO: Detected dialect: W3C
]]></system-err>
  </testcase>
  <testcase name="verifyTable32bit" classname="mavenFirstproject1.Testdashboard" time="4.467">
    <system-out><![CDATA[file:///C:/Program%20Files/Selelium%20Software/Offline%20Website/Offline%20Website/pages/downloads/jdk-8u45-windows-i586.exe
file:///C:/Program%20Files/Selelium%20Software/Offline%20Website/Offline%20Website/pages/downloads/GoogleChromeStandaloneEnterprise.exe
file:///C:/Program%20Files/Selelium%20Software/Offline%20Website/Offline%20Website/pages/downloads/Firefox%20Setup%2069.0b14%2032bit.exe
file:///C:/Program%20Files/Selelium%20Software/Offline%20Website/Offline%20Website/pages/examples/downloads.html
]]></system-out>
    <system-err><![CDATA[Starting ChromeDriver 90.0.4430.24 (4c6d850f087da467d926e8eddb76550aed655991-refs/branch-heads/4430@{#429}) on port 2838
Only local connections are allowed.
Please see https://chromedriver.chromium.org/security-considerations for suggestions on keeping ChromeDriver safe.
ChromeDriver was started successfully.
May 03, 2021 11:39:59 AM org.openqa.selenium.remote.ProtocolHandshake createSession
INFO: Detected dialect: W3C
]]></system-err>
  </testcase>
  <testcase name="verifyTable32bit1" classname="mavenFirstproject1.Testdashboard" time="0.344">
    <system-out><![CDATA[32bit
32bit
32bit
32bit
]]></system-out>
    <system-err><![CDATA[Starting ChromeDriver 90.0.4430.24 (4c6d850f087da467d926e8eddb76550aed655991-refs/branch-heads/4430@{#429}) on port 24361
Only local connections are allowed.
Please see https://chromedriver.chromium.org/security-considerations for suggestions on keeping ChromeDriver safe.
ChromeDriver was started successfully.
May 03, 2021 11:40:29 AM org.openqa.selenium.remote.ProtocolHandshake createSession
INFO: Detected dialect: W3C
]]></system-err>
  </testcase>
  <testcase name="verifyTable64bit" classname="mavenFirstproject1.Testdashboard" time="7.238">
    <system-out><![CDATA[file:///C:/Program%20Files/Selelium%20Software/Offline%20Website/Offline%20Website/pages/downloads/jdk-8u211-windows-x64.exe
file:///C:/Program%20Files/Selelium%20Software/Offline%20Website/Offline%20Website/pages/downloads/GoogleChromeStandaloneEnterprise64.exe
file:///C:/Program%20Files/Selelium%20Software/Offline%20Website/Offline%20Website/pages/downloads/Firefox%20Setup%2069.0b14%2064bit.exe
file:///C:/Program%20Files/Selelium%20Software/Offline%20Website/Offline%20Website/pages/examples/downloads.html
]]></system-out>
    <system-err><![CDATA[Starting ChromeDriver 90.0.4430.24 (4c6d850f087da467d926e8eddb76550aed655991-refs/branch-heads/4430@{#429}) on port 38099
Only local connections are allowed.
Please see https://chromedriver.chromium.org/security-considerations for suggestions on keeping ChromeDriver safe.
ChromeDriver was started successfully.
May 03, 2021 11:40:47 AM org.openqa.selenium.remote.ProtocolHandshake createSession
INFO: Detected dialect: W3C
]]></system-err>
  </testcase>
  <testcase name="verifyTableOfficial" classname="mavenFirstproject1.Testdashboard" time="159.214">
    <failure message="Remote browser did not respond to getCurrentUrl&#10;Build info: version: &apos;3.141.59&apos;, revision: &apos;e82be7d358&apos;, time: &apos;2018-11-14T08:17:03&apos;&#10;System info: host: &apos;DESKTOP-S0T7VIK&apos;, ip: &apos;127.0.0.1&apos;, os.name: &apos;Windows 10&apos;, os.arch: &apos;amd64&apos;, os.version: &apos;10.0&apos;, java.version: &apos;1.8.0_144&apos;&#10;Driver info: driver.version: RemoteWebDriver" type="org.openqa.selenium.WebDriverException"><![CDATA[org.openqa.selenium.WebDriverException: 
Remote browser did not respond to getCurrentUrl
Build info: version: '3.141.59', revision: 'e82be7d358', time: '2018-11-14T08:17:03'
System info: host: 'DESKTOP-S0T7VIK', ip: '127.0.0.1', os.name: 'Windows 10', os.arch: 'amd64', os.version: '10.0', java.version: '1.8.0_144'
Driver info: driver.version: RemoteWebDriver
	at mavenFirstproject1.Testdashboard.verifyTableOfficial(Testdashboard.java:105)
]]></failure>
    <system-out><![CDATA[Official Website
Official Website
Official Website
Official Website
Official Website
Official Website
Official Website
ids of a multiple windows--CDwindow-C3786BC904F84F6695DB1963706E229D
Url of current page --file:///C:/Program%20Files/Selelium%20Software/Offline%20Website/Offline%20Website/pages/examples/downloads.html
ids of a multiple windows--CDwindow-EE59847F73325B766A18D8A42C9BBACD
Url of current page --https://ftp.mozilla.org/pub/firefox/releases/
ids of a multiple windows--CDwindow-AA83013D53A6D11F2DAA3259BC706F29
Url of current page --https://chromedriver.chromium.org/downloads
ids of a multiple windows--CDwindow-34C1270154AF0DA08689BF95F2FCC50F
Url of current page --https://chromeenterprise.google/browser/download/
ids of a multiple windows--CDwindow-8928CBEF66B53C8A0C5AD4EFAB743800
Url of current page --https://www.selenium.dev/selenium/docs/api/java/overview-summary.html
ids of a multiple windows--CDwindow-506E35D50FFD780557998734ECDE12EF
]]></system-out>
    <system-err><![CDATA[Starting ChromeDriver 90.0.4430.24 (4c6d850f087da467d926e8eddb76550aed655991-refs/branch-heads/4430@{#429}) on port 17604
Only local connections are allowed.
Please see https://chromedriver.chromium.org/security-considerations for suggestions on keeping ChromeDriver safe.
ChromeDriver was started successfully.
May 03, 2021 11:41:14 AM org.openqa.selenium.remote.ProtocolHandshake createSession
INFO: Detected dialect: W3C
]]></system-err>
  </testcase>
  <testcase name="verifyTableOfficial1" classname="mavenFirstproject1.Testdashboard" time="0.36">
    <system-err><![CDATA[Starting ChromeDriver 90.0.4430.24 (4c6d850f087da467d926e8eddb76550aed655991-refs/branch-heads/4430@{#429}) on port 32661
Only local connections are allowed.
Please see https://chromedriver.chromium.org/security-considerations for suggestions on keeping ChromeDriver safe.
ChromeDriver was started successfully.
May 03, 2021 11:44:17 AM org.openqa.selenium.remote.ProtocolHandshake createSession
INFO: Detected dialect: W3C
]]></system-err>
  </testcase>
  <testcase name="verifyTablecommon" classname="mavenFirstproject1.Testdashboard" time="2.685">
    <system-out><![CDATA[file:///C:/Program%20Files/Selelium%20Software/Offline%20Website/Offline%20Website/pages/downloads/selenium-server-standalone-2.52.0.jar
file:///C:/Program%20Files/Selelium%20Software/Offline%20Website/Offline%20Website/pages/downloads/selenium-java-2.46.0-srcs.jar
file:///C:/Program%20Files/Selelium%20Software/Offline%20Website/Offline%20Website/pages/downloads/chromedriver.exe
]]></system-out>
    <system-err><![CDATA[Starting ChromeDriver 90.0.4430.24 (4c6d850f087da467d926e8eddb76550aed655991-refs/branch-heads/4430@{#429}) on port 25252
Only local connections are allowed.
Please see https://chromedriver.chromium.org/security-considerations for suggestions on keeping ChromeDriver safe.
ChromeDriver was started successfully.
May 03, 2021 11:44:25 AM org.openqa.selenium.remote.ProtocolHandshake createSession
INFO: Detected dialect: W3C
]]></system-err>
  </testcase>
  <testcase name="TestTable" classname="mavenFirstproject1.Testdashboard" time="5.98">
    <system-out><![CDATA[file:///C:/Program%20Files/Selelium%20Software/Offline%20Website/Offline%20Website/pages/downloads/jdk-8u45-windows-i586.exe
started 6th col.
file:///C:/Program%20Files/Selelium%20Software/Offline%20Website/Offline%20Website/pages/downloads/jdk-8u211-windows-x64.exe
in 7th colomn3 the row no data
file:///C:/Program%20Files/Selelium%20Software/Offline%20Website/Offline%20Website/pages/examples/downloads.html
in 5th colomn1 the row no data
started 6th col.
in 6th colomn2 the row no data
file:///C:/Program%20Files/Selelium%20Software/Offline%20Website/Offline%20Website/pages/downloads/selenium-server-standalone-2.52.0.jar
file:///C:/Program%20Files/Selelium%20Software/Offline%20Website/Offline%20Website/pages/examples/downloads.html
in 5th colomn1 the row no data
started 6th col.
in 6th colomn2 the row no data
file:///C:/Program%20Files/Selelium%20Software/Offline%20Website/Offline%20Website/pages/downloads/selenium-java-2.46.0-srcs.jar
file:///C:/Program%20Files/Selelium%20Software/Offline%20Website/Offline%20Website/pages/examples/downloads.html
file:///C:/Program%20Files/Selelium%20Software/Offline%20Website/Offline%20Website/pages/downloads/GoogleChromeStandaloneEnterprise.exe
started 6th col.
file:///C:/Program%20Files/Selelium%20Software/Offline%20Website/Offline%20Website/pages/downloads/GoogleChromeStandaloneEnterprise64.exe
in 7th colomn3 the row no data
file:///C:/Program%20Files/Selelium%20Software/Offline%20Website/Offline%20Website/pages/examples/downloads.html
in 5th colomn1 the row no data
started 6th col.
in 6th colomn2 the row no data
file:///C:/Program%20Files/Selelium%20Software/Offline%20Website/Offline%20Website/pages/downloads/chromedriver.exe
file:///C:/Program%20Files/Selelium%20Software/Offline%20Website/Offline%20Website/pages/examples/downloads.html
file:///C:/Program%20Files/Selelium%20Software/Offline%20Website/Offline%20Website/pages/downloads/Firefox%20Setup%2069.0b14%2032bit.exe
started 6th col.
file:///C:/Program%20Files/Selelium%20Software/Offline%20Website/Offline%20Website/pages/downloads/Firefox%20Setup%2069.0b14%2064bit.exe
in 7th colomn3 the row no data
file:///C:/Program%20Files/Selelium%20Software/Offline%20Website/Offline%20Website/pages/examples/downloads.html
]]></system-out>
    <system-err><![CDATA[Starting ChromeDriver 90.0.4430.24 (4c6d850f087da467d926e8eddb76550aed655991-refs/branch-heads/4430@{#429}) on port 13106
Only local connections are allowed.
Please see https://chromedriver.chromium.org/security-considerations for suggestions on keeping ChromeDriver safe.
ChromeDriver was started successfully.
May 03, 2021 11:44:33 AM org.openqa.selenium.remote.ProtocolHandshake createSession
INFO: Detected dialect: W3C
]]></system-err>
  </testcase>
  <testcase name="verifyFooter" classname="mavenFirstproject1.Testdashboard" time="1.595">
    <system-err><![CDATA[Starting ChromeDriver 90.0.4430.24 (4c6d850f087da467d926e8eddb76550aed655991-refs/branch-heads/4430@{#429}) on port 15165
Only local connections are allowed.
Please see https://chromedriver.chromium.org/security-considerations for suggestions on keeping ChromeDriver safe.
ChromeDriver was started successfully.
May 03, 2021 11:44:44 AM org.openqa.selenium.remote.ProtocolHandshake createSession
INFO: Detected dialect: W3C
]]></system-err>
  </testcase>
</testsuite>